# JRE version: OpenJDK Runtime Environment (8.0_112-b06) (build 1.8.0_112-release-b06)
# Java VM: OpenJDK 64-Bit Server VM (25.112-b06 mixed mode windows-amd64 compressed oops)
Heap:
 PSYoungGen      total 314880K, used 160933K [0x00000000e0000000, 0x00000000f7f00000, 0x0000000100000000)
  eden space 294400K, 47% used [0x00000000e0000000,0x00000000e89a3fd0,0x00000000f1f80000)
  from space 20480K, 97% used [0x00000000f5780000,0x00000000f6b05600,0x00000000f6b80000)
  to   space 19968K, 0% used [0x00000000f6b80000,0x00000000f6b80000,0x00000000f7f00000)
 ParOldGen       total 187904K, used 89391K [0x00000000a0000000, 0x00000000ab780000, 0x00000000e0000000)
  object space 187904K, 47% used [0x00000000a0000000,0x00000000a574bcf8,0x00000000ab780000)
 Metaspace       used 71177K, capacity 74950K, committed 75264K, reserved 1116160K
  class space    used 8798K, capacity 9354K, committed 9472K, reserved 1048576K
GC Heap History (10 events):
Event: 1728.306 GC heap before
{Heap before GC invocations=20 (full 3):
 PSYoungGen      total 368128K, used 368015K [0x00000000e0000000, 0x00000000fc000000, 0x0000000100000000)
  eden space 352256K, 100% used [0x00000000e0000000,0x00000000f5800000,0x00000000f5800000)
  from space 15872K, 99% used [0x00000000fb080000,0x00000000fbfe3da0,0x00000000fc000000)
  to   space 29696K, 0% used [0x00000000f8600000,0x00000000f8600000,0x00000000fa300000)
 ParOldGen       total 187904K, used 73489K [0x00000000a0000000, 0x00000000ab780000, 0x00000000e0000000)
  object space 187904K, 39% used [0x00000000a0000000,0x00000000a47c45d8,0x00000000ab780000)
 Metaspace       used 70001K, capacity 73566K, committed 73600K, reserved 1114112K
  class space    used 8766K, capacity 9320K, committed 9344K, reserved 1048576K
Event: 1728.331 GC heap after
Heap after GC invocations=20 (full 3):
 PSYoungGen      total 353280K, used 13497K [0x00000000e0000000, 0x00000000fb100000, 0x0000000100000000)
  eden space 339456K, 0% used [0x00000000e0000000,0x00000000e0000000,0x00000000f4b80000)
  from space 13824K, 97% used [0x00000000f8600000,0x00000000f932e6a0,0x00000000f9380000)
  to   space 28672K, 0% used [0x00000000f9500000,0x00000000f9500000,0x00000000fb100000)
 ParOldGen       total 187904K, used 73497K [0x00000000a0000000, 0x00000000ab780000, 0x00000000e0000000)
  object space 187904K, 39% used [0x00000000a0000000,0x00000000a47c65d8,0x00000000ab780000)
 Metaspace       used 70001K, capacity 73566K, committed 73600K, reserved 1114112K
  class space    used 8766K, capacity 9320K, committed 9344K, reserved 1048576K
}
Event: 2413.551 GC heap before
{Heap before GC invocations=21 (full 3):
 PSYoungGen      total 353280K, used 352953K [0x00000000e0000000, 0x00000000fb100000, 0x0000000100000000)
  eden space 339456K, 100% used [0x00000000e0000000,0x00000000f4b80000,0x00000000f4b80000)
  from space 13824K, 97% used [0x00000000f8600000,0x00000000f932e6a0,0x00000000f9380000)
  to   space 28672K, 0% used [0x00000000f9500000,0x00000000f9500000,0x00000000fb100000)
 ParOldGen       total 187904K, used 73497K [0x00000000a0000000, 0x00000000ab780000, 0x00000000e0000000)
  object space 187904K, 39% used [0x00000000a0000000,0x00000000a47c65d8,0x00000000ab780000)
 Metaspace       used 70525K, capacity 74178K, committed 74368K, reserved 1114112K
  class space    used 8776K, capacity 9330K, committed 9344K, reserved 1048576K
Event: 2413.574 GC heap after
Heap after GC invocations=21 (full 3):
 PSYoungGen      total 340992K, used 13643K [0x00000000e0000000, 0x00000000fa280000, 0x0000000100000000)
  eden space 327168K, 0% used [0x00000000e0000000,0x00000000e0000000,0x00000000f3f80000)
  from space 13824K, 98% used [0x00000000f9500000,0x00000000fa252ed8,0x00000000fa280000)
  to   space 27648K, 0% used [0x00000000f6c80000,0x00000000f6c80000,0x00000000f8780000)
 ParOldGen       total 187904K, used 73505K [0x00000000a0000000, 0x00000000ab780000, 0x00000000e0000000)
  object space 187904K, 39% used [0x00000000a0000000,0x00000000a47c85d8,0x00000000ab780000)
 Metaspace       used 70525K, capacity 74178K, committed 74368K, reserved 1114112K
  class space    used 8776K, capacity 9330K, committed 9344K, reserved 1048576K
}
Event: 4658.373 GC heap before
{Heap before GC invocations=22 (full 3):
 PSYoungGen      total 340992K, used 340811K [0x00000000e0000000, 0x00000000fa280000, 0x0000000100000000)
  eden space 327168K, 100% used [0x00000000e0000000,0x00000000f3f80000,0x00000000f3f80000)
  from space 13824K, 98% used [0x00000000f9500000,0x00000000fa252ed8,0x00000000fa280000)
  to   space 27648K, 0% used [0x00000000f6c80000,0x00000000f6c80000,0x00000000f8780000)
 ParOldGen       total 187904K, used 73505K [0x00000000a0000000, 0x00000000ab780000, 0x00000000e0000000)
  object space 187904K, 39% used [0x00000000a0000000,0x00000000a47c85d8,0x00000000ab780000)
 Metaspace       used 70718K, capacity 74498K, committed 74624K, reserved 1114112K
  class space    used 8786K, capacity 9340K, committed 9344K, reserved 1048576K
Event: 4658.400 GC heap after
Heap after GC invocations=22 (full 3):
 PSYoungGen      total 334336K, used 18179K [0x00000000e0000000, 0x00000000f9580000, 0x0000000100000000)
  eden space 315904K, 0% used [0x00000000e0000000,0x00000000e0000000,0x00000000f3480000)
  from space 18432K, 98% used [0x00000000f6c80000,0x00000000f7e40c80,0x00000000f7e80000)
  to   space 23552K, 0% used [0x00000000f7e80000,0x00000000f7e80000,0x00000000f9580000)
 ParOldGen       total 187904K, used 73513K [0x00000000a0000000, 0x00000000ab780000, 0x00000000e0000000)
  object space 187904K, 39% used [0x00000000a0000000,0x00000000a47ca5d8,0x00000000ab780000)
 Metaspace       used 70718K, capacity 74498K, committed 74624K, reserved 1114112K
  class space    used 8786K, capacity 9340K, committed 9344K, reserved 1048576K
}
Event: 4663.417 GC heap before
{Heap before GC invocations=23 (full 3):
 PSYoungGen      total 334336K, used 334083K [0x00000000e0000000, 0x00000000f9580000, 0x0000000100000000)
  eden space 315904K, 100% used [0x00000000e0000000,0x00000000f3480000,0x00000000f3480000)
  from space 18432K, 98% used [0x00000000f6c80000,0x00000000f7e40c80,0x00000000f7e80000)
  to   space 23552K, 0% used [0x00000000f7e80000,0x00000000f7e80000,0x00000000f9580000)
 ParOldGen       total 187904K, used 73513K [0x00000000a0000000, 0x00000000ab780000, 0x00000000e0000000)
  object space 187904K, 39% used [0x00000000a0000000,0x00000000a47ca5d8,0x00000000ab780000)
 Metaspace       used 70966K, capacity 74690K, committed 74880K, reserved 1114112K
  class space    used 8787K, capacity 9340K, committed 9344K, reserved 1048576K
Event: 4663.462 GC heap after
Heap after GC invocations=23 (full 3):
 PSYoungGen      total 328704K, used 23546K [0x00000000e0000000, 0x00000000f9580000, 0x0000000100000000)
  eden space 305152K, 0% used [0x00000000e0000000,0x00000000e0000000,0x00000000f2a00000)
  from space 23552K, 99% used [0x00000000f7e80000,0x00000000f957ea50,0x00000000f9580000)
  to   space 31744K, 0% used [0x00000000f5780000,0x00000000f5780000,0x00000000f7680000)
 ParOldGen       total 187904K, used 80557K [0x00000000a0000000, 0x00000000ab780000, 0x00000000e0000000)
  object space 187904K, 42% used [0x00000000a0000000,0x00000000a4eab468,0x00000000ab780000)
 Metaspace       used 70966K, capacity 74690K, committed 74880K, reserved 1114112K
  class space    used 8787K, capacity 9340K, committed 9344K, reserved 1048576K
}
Event: 4666.215 GC heap before
{Heap before GC invocations=24 (full 3):
 PSYoungGen      total 328704K, used 328675K [0x00000000e0000000, 0x00000000f9580000, 0x0000000100000000)
  eden space 305152K, 99% used [0x00000000e0000000,0x00000000f29fa498,0x00000000f2a00000)
  from space 23552K, 99% used [0x00000000f7e80000,0x00000000f957ea50,0x00000000f9580000)
  to   space 31744K, 0% used [0x00000000f5780000,0x00000000f5780000,0x00000000f7680000)
 ParOldGen       total 187904K, used 80557K [0x00000000a0000000, 0x00000000ab780000, 0x00000000e0000000)
  object space 187904K, 42% used [0x00000000a0000000,0x00000000a4eab468,0x00000000ab780000)
 Metaspace       used 71104K, capacity 74760K, committed 74880K, reserved 1114112K
  class space    used 8787K, capacity 9341K, committed 9344K, reserved 1048576K
Event: 4666.253 GC heap after
Heap after GC invocations=24 (full 3):
 PSYoungGen      total 314880K, used 19989K [0x00000000e0000000, 0x00000000f7f00000, 0x0000000100000000)
  eden space 294400K, 0% used [0x00000000e0000000,0x00000000e0000000,0x00000000f1f80000)
  from space 20480K, 97% used [0x00000000f5780000,0x00000000f6b05600,0x00000000f6b80000)
  to   space 19968K, 0% used [0x00000000f6b80000,0x00000000f6b80000,0x00000000f7f00000)
 ParOldGen       total 187904K, used 89391K [0x00000000a0000000, 0x00000000ab780000, 0x00000000e0000000)
  object space 187904K, 47% used [0x00000000a0000000,0x00000000a574bcf8,0x00000000ab780000)
 Metaspace       used 71104K, capacity 74760K, committed 74880K, reserved 1114112K
  class space    used 8787K, capacity 9341K, committed 9344K, reserved 1048576K
}

